Secret Diary/task/build/intermediates/manifest_merge_blame_file/release/processReleaseMainManifest/manifest-merger-blame-release-report.txt
1<?xml version="1.0" encoding="utf-8"?>
2<manifest xmlns:android="http://schemas.android.com/apk/res/android"
3    package="org.hyperskill.secretdiary"
4    android:versionCode="1"
5    android:versionName="1.0" >
6
7    <uses-sdk
8        android:minSdkVersion="21"
9        android:targetSdkVersion="34" />
10
11    <uses-permission android:name="android.permission.REORDER_TASKS" />
11-->[androidx.test:core:1.4.0] AndroidManifest.xml:24:5-72
11-->[androidx.test:core:1.4.0] AndroidManifest.xml:24:22-69
12
13    <permission
13-->[androidx.core:core:1.15.0] AndroidManifest.xml:22:5-24:47
14        android:name="org.hyperskill.secretdiary.DYNAMIC_RECEIVER_NOT_EXPORTED_PERMISSION"
14-->[androidx.core:core:1.15.0] AndroidManifest.xml:23:9-81
15        android:protectionLevel="signature" />
15-->[androidx.core:core:1.15.0] AndroidManifest.xml:24:9-44
16
17    <uses-permission android:name="org.hyperskill.secretdiary.DYNAMIC_RECEIVER_NOT_EXPORTED_PERMISSION" />
17-->[androidx.core:core:1.15.0] AndroidManifest.xml:26:5-97
17-->[androidx.core:core:1.15.0] AndroidManifest.xml:26:22-94
18
19    <application
19-->src/main/AndroidManifest.xml:4:5-32:19
20        android:allowBackup="true"
20-->src/main/AndroidManifest.xml:5:9-35
21        android:appComponentFactory="androidx.core.app.CoreComponentFactory"
21-->[androidx.core:core:1.15.0] AndroidManifest.xml:28:18-86
22        android:extractNativeLibs="true"
23        android:icon="@mipmap/ic_launcher"
23-->src/main/AndroidManifest.xml:6:9-43
24        android:label="Secret Diary"
24-->src/main/AndroidManifest.xml:7:9-37
25        android:roundIcon="@mipmap/ic_launcher_round"
25-->src/main/AndroidManifest.xml:8:9-54
26        android:supportsRtl="true"
26-->src/main/AndroidManifest.xml:9:9-35
27        android:theme="@style/AppTheme" >
27-->src/main/AndroidManifest.xml:10:9-40
28        <activity
28-->src/main/AndroidManifest.xml:11:9-21:20
29            android:name="org.hyperskill.secretdiary.LoginActivity"
29-->src/main/AndroidManifest.xml:12:13-68
30            android:exported="true"
30-->src/main/AndroidManifest.xml:13:13-36
31            android:launchMode="singleInstancePerTask" >
31-->src/main/AndroidManifest.xml:14:13-55
32            <intent-filter>
32-->src/main/AndroidManifest.xml:16:13-20:29
33                <action android:name="android.intent.action.MAIN" />
33-->src/main/AndroidManifest.xml:17:17-69
33-->src/main/AndroidManifest.xml:17:25-66
34
35                <category android:name="android.intent.category.LAUNCHER" />
35-->src/main/AndroidManifest.xml:19:17-77
35-->src/main/AndroidManifest.xml:19:27-74
36            </intent-filter>
37        </activity>
38        <activity
38-->src/main/AndroidManifest.xml:22:9-30:20
39            android:name="org.hyperskill.secretdiary.MainActivity"
39-->src/main/AndroidManifest.xml:22:19-47
40            android:exported="true"
40-->src/main/AndroidManifest.xml:23:13-36
41            android:launchMode="standard" >
41-->src/main/AndroidManifest.xml:24:13-42
42            <intent-filter>
42-->src/main/AndroidManifest.xml:25:13-29:29
43                <action android:name="android.intent.action.ALL_APPS" />
43-->src/main/AndroidManifest.xml:26:17-73
43-->src/main/AndroidManifest.xml:26:25-70
44
45                <category android:name="android.intent.category.DEFAULT" />
45-->src/main/AndroidManifest.xml:28:17-76
45-->src/main/AndroidManifest.xml:28:27-73
46            </intent-filter>
47        </activity>
48        <activity
48-->[androidx.test:core:1.4.0] AndroidManifest.xml:27:9-34:20
49            android:name="androidx.test.core.app.InstrumentationActivityInvoker$BootstrapActivity"
49-->[androidx.test:core:1.4.0] AndroidManifest.xml:28:13-99
50            android:exported="true"
50-->[androidx.test:core:1.4.0] AndroidManifest.xml:29:13-36
51            android:theme="@android:style/Theme" >
51-->[androidx.test:core:1.4.0] AndroidManifest.xml:30:13-49
52            <intent-filter>
52-->[androidx.test:core:1.4.0] AndroidManifest.xml:31:13-33:29
53                <action android:name="android.intent.action.MAIN" />
53-->src/main/AndroidManifest.xml:17:17-69
53-->src/main/AndroidManifest.xml:17:25-66
54            </intent-filter>
55        </activity>
56        <activity
56-->[androidx.test:core:1.4.0] AndroidManifest.xml:35:9-42:20
57            android:name="androidx.test.core.app.InstrumentationActivityInvoker$EmptyActivity"
57-->[androidx.test:core:1.4.0] AndroidManifest.xml:36:13-95
58            android:exported="true"
58-->[androidx.test:core:1.4.0] AndroidManifest.xml:37:13-36
59            android:theme="@android:style/Theme" >
59-->[androidx.test:core:1.4.0] AndroidManifest.xml:38:13-49
60            <intent-filter>
60-->[androidx.test:core:1.4.0] AndroidManifest.xml:31:13-33:29
61                <action android:name="android.intent.action.MAIN" />
61-->src/main/AndroidManifest.xml:17:17-69
61-->src/main/AndroidManifest.xml:17:25-66
62            </intent-filter>
63        </activity>
64        <activity
64-->[androidx.test:core:1.4.0] AndroidManifest.xml:43:9-50:20
65            android:name="androidx.test.core.app.InstrumentationActivityInvoker$EmptyFloatingActivity"
65-->[androidx.test:core:1.4.0] AndroidManifest.xml:44:13-103
66            android:exported="true"
66-->[androidx.test:core:1.4.0] AndroidManifest.xml:45:13-36
67            android:theme="@android:style/Theme.Dialog" >
67-->[androidx.test:core:1.4.0] AndroidManifest.xml:46:13-56
68            <intent-filter>
68-->[androidx.test:core:1.4.0] AndroidManifest.xml:31:13-33:29
69                <action android:name="android.intent.action.MAIN" />
69-->src/main/AndroidManifest.xml:17:17-69
69-->src/main/AndroidManifest.xml:17:25-66
70            </intent-filter>
71        </activity>
72
73        <provider
73-->[androidx.emoji2:emoji2:1.3.0] AndroidManifest.xml:24:9-32:20
74            android:name="androidx.startup.InitializationProvider"
74-->[androidx.emoji2:emoji2:1.3.0] AndroidManifest.xml:25:13-67
75            android:authorities="org.hyperskill.secretdiary.androidx-startup"
75-->[androidx.emoji2:emoji2:1.3.0] AndroidManifest.xml:26:13-68
76            android:exported="false" >
76-->[androidx.emoji2:emoji2:1.3.0] AndroidManifest.xml:27:13-37
77            <meta-data
77-->[androidx.emoji2:emoji2:1.3.0] AndroidManifest.xml:29:13-31:52
78                android:name="androidx.emoji2.text.EmojiCompatInitializer"
78-->[androidx.emoji2:emoji2:1.3.0] AndroidManifest.xml:30:17-75
79                android:value="androidx.startup" />
79-->[androidx.emoji2:emoji2:1.3.0] AndroidManifest.xml:31:17-49
80            <meta-data
80-->[androidx.lifecycle:lifecycle-process:2.6.2] AndroidManifest.xml:29:13-31:52
81                android:name="androidx.lifecycle.ProcessLifecycleInitializer"
81-->[androidx.lifecycle:lifecycle-process:2.6.2] AndroidManifest.xml:30:17-78
82                android:value="androidx.startup" />
82-->[androidx.lifecycle:lifecycle-process:2.6.2] AndroidManifest.xml:31:17-49
83            <meta-data
83-->[androidx.profileinstaller:profileinstaller:1.3.1] AndroidManifest.xml:29:13-31:52
84                android:name="androidx.profileinstaller.ProfileInstallerInitializer"
84-->[androidx.profileinstaller:profileinstaller:1.3.1] AndroidManifest.xml:30:17-85
85                android:value="androidx.startup" />
85-->[androidx.profileinstaller:profileinstaller:1.3.1] AndroidManifest.xml:31:17-49
86        </provider>
87
88        <receiver
88-->[androidx.profileinstaller:profileinstaller:1.3.1] AndroidManifest.xml:34:9-52:20
89            android:name="androidx.profileinstaller.ProfileInstallReceiver"
89-->[androidx.profileinstaller:profileinstaller:1.3.1] AndroidManifest.xml:35:13-76
90            android:directBootAware="false"
90-->[androidx.profileinstaller:profileinstaller:1.3.1] AndroidManifest.xml:36:13-44
91            android:enabled="true"
91-->[androidx.profileinstaller:profileinstaller:1.3.1] AndroidManifest.xml:37:13-35
92            android:exported="true"
92-->[androidx.profileinstaller:profileinstaller:1.3.1] AndroidManifest.xml:38:13-36
93            android:permission="android.permission.DUMP" >
93-->[androidx.profileinstaller:profileinstaller:1.3.1] AndroidManifest.xml:39:13-57
94            <intent-filter>
94-->[androidx.profileinstaller:profileinstaller:1.3.1] AndroidManifest.xml:40:13-42:29
95                <action android:name="androidx.profileinstaller.action.INSTALL_PROFILE" />
95-->[androidx.profileinstaller:profileinstaller:1.3.1] AndroidManifest.xml:41:17-91
95-->[androidx.profileinstaller:profileinstaller:1.3.1] AndroidManifest.xml:41:25-88
96            </intent-filter>
97            <intent-filter>
97-->[androidx.profileinstaller:profileinstaller:1.3.1] AndroidManifest.xml:43:13-45:29
98                <action android:name="androidx.profileinstaller.action.SKIP_FILE" />
98-->[androidx.profileinstaller:profileinstaller:1.3.1] AndroidManifest.xml:44:17-85
98-->[androidx.profileinstaller:profileinstaller:1.3.1] AndroidManifest.xml:44:25-82
99            </intent-filter>
100            <intent-filter>
100-->[androidx.profileinstaller:profileinstaller:1.3.1] AndroidManifest.xml:46:13-48:29
101                <action android:name="androidx.profileinstaller.action.SAVE_PROFILE" />
101-->[androidx.profileinstaller:profileinstaller:1.3.1] AndroidManifest.xml:47:17-88
101-->[androidx.profileinstaller:profileinstaller:1.3.1] AndroidManifest.xml:47:25-85
102            </intent-filter>
103            <intent-filter>
103-->[androidx.profileinstaller:profileinstaller:1.3.1] AndroidManifest.xml:49:13-51:29
104                <action android:name="androidx.profileinstaller.action.BENCHMARK_OPERATION" />
104-->[androidx.profileinstaller:profileinstaller:1.3.1] AndroidManifest.xml:50:17-95
104-->[androidx.profileinstaller:profileinstaller:1.3.1] AndroidManifest.xml:50:25-92
105            </intent-filter>
106        </receiver>
107    </application>
108
109</manifest>